<?xml version="1.0" encoding="UTF-8"?>
<!-- Generated by org.testng.reporters.JUnitXMLReporter -->
<testsuite hostname="plutosolutions" ignored="0" name="Fill Fields Test" tests="3" failures="0" timestamp="08 มิ.ย. 2560 09:10:00 GMT" time="9.209" errors="0">
  <testcase name="loadPage" time="0.018" classname="com.facebook.tests.fbDataProviderTest"/>
  <testcase name="filloutField" time="0.175" classname="com.facebook.tests.fbDataProviderTest"/>
  <testcase name="filloutField" time="0.691" classname="com.facebook.tests.fbDataProviderTest"/>
</testsuite> <!-- Fill Fields Test -->
