<?xml version="1.0" encoding="UTF-8"?>
<!-- Generated by org.testng.reporters.JUnitXMLReporter -->
<testsuite hostname="plutosolutions" ignored="0" name="P1 Test" tests="3" failures="0" timestamp="08 มิ.ย. 2560 09:08:50 GMT" time="9.631" errors="0">
  <testcase name="loadPage" time="0.013" classname="com.facebook.tests.fbDataProviderTest"/>
  <testcase name="filloutField" time="0.168" classname="com.facebook.tests.fbDataProviderTest"/>
  <testcase name="filloutField" time="0.985" classname="com.facebook.tests.fbDataProviderTest"/>
</testsuite> <!-- P1 Test -->
