<?xml version="1.0" encoding="UTF-8"?>
<!-- Generated by org.testng.reporters.JUnitXMLReporter -->
<testsuite hostname="plutosolutions" ignored="0" name="Default test" tests="10" failures="0" timestamp="22 มิ.ย. 2560 13:29:18 GMT" time="171.163" errors="0">
  <testcase name="testSignup" time="8.764" classname="selenium.facebook.pages.tests.fbSignupTest"/>
  <testcase name="testSignup" time="11.507" classname="selenium.facebook.pages.tests.fbSignupTest"/>
  <testcase name="testSignup" time="7.884" classname="selenium.facebook.pages.tests.fbSignupTest"/>
  <testcase name="testSignup" time="8.263" classname="selenium.facebook.pages.tests.fbSignupTest"/>
  <testcase name="testSignup" time="7.793" classname="selenium.facebook.pages.tests.fbSignupTest"/>
  <testcase name="testSignup" time="7.637" classname="selenium.facebook.pages.tests.fbSignupTest"/>
  <testcase name="testSignup" time="7.799" classname="selenium.facebook.pages.tests.fbSignupTest"/>
  <testcase name="testSignup" time="7.883" classname="selenium.facebook.pages.tests.fbSignupTest"/>
  <testcase name="testSignup" time="7.624" classname="selenium.facebook.pages.tests.fbSignupTest"/>
  <testcase name="testSignup" time="7.571" classname="selenium.facebook.pages.tests.fbSignupTest"/>
</testsuite> <!-- Default test -->
