<?xml version="1.0" encoding="UTF-8"?>
<!-- Generated by org.testng.reporters.JUnitXMLReporter -->
<testsuite hostname="plutosolutions" ignored="0" name="Signup Factory Data Provider Test" tests="3" failures="0" timestamp="16 มิ.ย. 2560 16:51:44 GMT" time="32.513" errors="0">
  <testcase name="testSignup" time="5.539" classname="com.facebook.pagefactory.tests.fbSignupFlowFactoryDataProviderTest"/>
  <testcase name="testSignup" time="5.316" classname="com.facebook.pagefactory.tests.fbSignupFlowFactoryDataProviderTest"/>
  <testcase name="testSignup" time="5.376" classname="com.facebook.pagefactory.tests.fbSignupFlowFactoryDataProviderTest"/>
</testsuite> <!-- Signup Factory Data Provider Test -->
