<?xml version="1.0" encoding="UTF-8"?>
<!-- Generated by org.testng.reporters.JUnitXMLReporter -->
<testsuite hostname="plutosolutions" ignored="0" name="Singup Test" tests="2" failures="0" timestamp="16 มิ.ย. 2560 04:40:15 GMT" time="14.927" errors="0">
  <testcase name="testSignupPage" time="5.888" classname="com.facebook.pagefactory.tests.fbSignupTest"/>
  <testcase name="testLoginFacebook" time="7.685" classname="com.facebook.pagefactory.tests.fbLoginTest"/>
</testsuite> <!-- Singup Test -->
