<?xml version="1.0" encoding="UTF-8"?>
<testng-results skipped="0" failed="0" ignored="0" total="10" passed="10">
  <reporter-output>
  </reporter-output>
  <suite name="Default suite" duration-ms="171163" started-at="2560-06-22T13:26:27Z" finished-at="2560-06-22T13:29:18Z">
    <groups>
    </groups>
    <test name="Default test" duration-ms="171163" started-at="2560-06-22T13:26:27Z" finished-at="2560-06-22T13:29:18Z">
      <class name="selenium.facebook.pages.tests.fbSignupTest">
        <test-method status="PASS" signature="setup()[pri:0, instance:selenium.facebook.pages.tests.fbSignupTest@42d80b78]" name="setup" is-config="true" duration-ms="9631" started-at="2560-06-22T20:26:27Z" finished-at="2560-06-22T20:26:36Z">
          <reporter-output>
          </reporter-output>
        </test-method> <!-- setup -->
        <test-method status="PASS" signature="testSignup(java.lang.String, java.lang.String, java.lang.String, java.lang.String, java.lang.String, java.lang.String)[pri:0, instance:selenium.facebook.pages.tests.fbSignupTest@42d80b78]" name="testSignup" duration-ms="8764" started-at="2560-06-22T20:26:36Z" data-provider="signup" finished-at="2560-06-22T20:26:45Z">
          <params>
            <param index="0">
              <value>
                <![CDATA[Schoderbek]]>
              </value>
            </param>
            <param index="1">
              <value>
                <![CDATA[Adrianna]]>
              </value>
            </param>
            <param index="2">
              <value>
                <![CDATA[adrianna.schoderbek@general-hospital.com]]>
              </value>
            </param>
            <param index="3">
              <value>
                <![CDATA[14]]>
              </value>
            </param>
            <param index="4">
              <value>
                <![CDATA[2]]>
              </value>
            </param>
            <param index="5">
              <value>
                <![CDATA[2003]]>
              </value>
            </param>
          </params>
          <reporter-output>
          </reporter-output>
        </test-method> <!-- testSignup -->
        <test-method status="PASS" signature="close()[pri:0, instance:selenium.facebook.pages.tests.fbSignupTest@42d80b78]" name="close" is-config="true" duration-ms="218" started-at="2560-06-22T20:26:45Z" finished-at="2560-06-22T20:26:45Z">
          <reporter-output>
          </reporter-output>
        </test-method> <!-- close -->
        <test-method status="PASS" signature="setup()[pri:0, instance:selenium.facebook.pages.tests.fbSignupTest@42d80b78]" name="setup" is-config="true" duration-ms="8799" started-at="2560-06-22T20:26:45Z" finished-at="2560-06-22T20:26:54Z">
          <reporter-output>
          </reporter-output>
        </test-method> <!-- setup -->
        <test-method status="PASS" signature="testSignup(java.lang.String, java.lang.String, java.lang.String, java.lang.String, java.lang.String, java.lang.String)[pri:0, instance:selenium.facebook.pages.tests.fbSignupTest@42d80b78]" name="testSignup" duration-ms="11507" started-at="2560-06-22T20:26:54Z" data-provider="signup" finished-at="2560-06-22T20:27:06Z">
          <params>
            <param index="0">
              <value>
                <![CDATA[Bronw]]>
              </value>
            </param>
            <param index="1">
              <value>
                <![CDATA[Adrianne]]>
              </value>
            </param>
            <param index="2">
              <value>
                <![CDATA[adrianne.bronw@geocities.com]]>
              </value>
            </param>
            <param index="3">
              <value>
                <![CDATA[15]]>
              </value>
            </param>
            <param index="4">
              <value>
                <![CDATA[10]]>
              </value>
            </param>
            <param index="5">
              <value>
                <![CDATA[1991]]>
              </value>
            </param>
          </params>
          <reporter-output>
          </reporter-output>
        </test-method> <!-- testSignup -->
        <test-method status="PASS" signature="close()[pri:0, instance:selenium.facebook.pages.tests.fbSignupTest@42d80b78]" name="close" is-config="true" duration-ms="174" started-at="2560-06-22T20:27:06Z" finished-at="2560-06-22T20:27:06Z">
          <reporter-output>
          </reporter-output>
        </test-method> <!-- close -->
        <test-method status="PASS" signature="setup()[pri:0, instance:selenium.facebook.pages.tests.fbSignupTest@42d80b78]" name="setup" is-config="true" duration-ms="8355" started-at="2560-06-22T20:27:06Z" finished-at="2560-06-22T20:27:14Z">
          <reporter-output>
          </reporter-output>
        </test-method> <!-- setup -->
        <test-method status="PASS" signature="testSignup(java.lang.String, java.lang.String, java.lang.String, java.lang.String, java.lang.String, java.lang.String)[pri:0, instance:selenium.facebook.pages.tests.fbSignupTest@42d80b78]" name="testSignup" duration-ms="7884" started-at="2560-06-22T20:27:14Z" data-provider="signup" finished-at="2560-06-22T20:27:22Z">
          <params>
            <param index="0">
              <value>
                <![CDATA[Shaklee]]>
              </value>
            </param>
            <param index="1">
              <value>
                <![CDATA[Adrien]]>
              </value>
            </param>
            <param index="2">
              <value>
                <![CDATA[adrien.shaklee@geologist.com]]>
              </value>
            </param>
            <param index="3">
              <value>
                <![CDATA[16]]>
              </value>
            </param>
            <param index="4">
              <value>
                <![CDATA[5]]>
              </value>
            </param>
            <param index="5">
              <value>
                <![CDATA[2004]]>
              </value>
            </param>
          </params>
          <reporter-output>
          </reporter-output>
        </test-method> <!-- testSignup -->
        <test-method status="PASS" signature="close()[pri:0, instance:selenium.facebook.pages.tests.fbSignupTest@42d80b78]" name="close" is-config="true" duration-ms="158" started-at="2560-06-22T20:27:22Z" finished-at="2560-06-22T20:27:22Z">
          <reporter-output>
          </reporter-output>
        </test-method> <!-- close -->
        <test-method status="PASS" signature="setup()[pri:0, instance:selenium.facebook.pages.tests.fbSignupTest@42d80b78]" name="setup" is-config="true" duration-ms="8347" started-at="2560-06-22T20:27:22Z" finished-at="2560-06-22T20:27:30Z">
          <reporter-output>
          </reporter-output>
        </test-method> <!-- setup -->
        <test-method status="PASS" signature="testSignup(java.lang.String, java.lang.String, java.lang.String, java.lang.String, java.lang.String, java.lang.String)[pri:0, instance:selenium.facebook.pages.tests.fbSignupTest@42d80b78]" name="testSignup" duration-ms="8263" started-at="2560-06-22T20:27:30Z" data-provider="signup" finished-at="2560-06-22T20:27:39Z">
          <params>
            <param index="0">
              <value>
                <![CDATA[Shoptaw]]>
              </value>
            </param>
            <param index="1">
              <value>
                <![CDATA[Adriene]]>
              </value>
            </param>
            <param index="2">
              <value>
                <![CDATA[adriene.shoptaw@geopia.com]]>
              </value>
            </param>
            <param index="3">
              <value>
                <![CDATA[2]]>
              </value>
            </param>
            <param index="4">
              <value>
                <![CDATA[8]]>
              </value>
            </param>
            <param index="5">
              <value>
                <![CDATA[2002]]>
              </value>
            </param>
          </params>
          <reporter-output>
          </reporter-output>
        </test-method> <!-- testSignup -->
        <test-method status="PASS" signature="close()[pri:0, instance:selenium.facebook.pages.tests.fbSignupTest@42d80b78]" name="close" is-config="true" duration-ms="147" started-at="2560-06-22T20:27:39Z" finished-at="2560-06-22T20:27:39Z">
          <reporter-output>
          </reporter-output>
        </test-method> <!-- close -->
        <test-method status="PASS" signature="setup()[pri:0, instance:selenium.facebook.pages.tests.fbSignupTest@42d80b78]" name="setup" is-config="true" duration-ms="8771" started-at="2560-06-22T20:27:39Z" finished-at="2560-06-22T20:27:48Z">
          <reporter-output>
          </reporter-output>
        </test-method> <!-- setup -->
        <test-method status="PASS" signature="testSignup(java.lang.String, java.lang.String, java.lang.String, java.lang.String, java.lang.String, java.lang.String)[pri:0, instance:selenium.facebook.pages.tests.fbSignupTest@42d80b78]" name="testSignup" duration-ms="7793" started-at="2560-06-22T20:27:48Z" data-provider="signup" finished-at="2560-06-22T20:27:55Z">
          <params>
            <param index="0">
              <value>
                <![CDATA[Tisor]]>
              </value>
            </param>
            <param index="1">
              <value>
                <![CDATA[Adrienne]]>
              </value>
            </param>
            <param index="2">
              <value>
                <![CDATA[adrienne.tisor@gh2000.com]]>
              </value>
            </param>
            <param index="3">
              <value>
                <![CDATA[8]]>
              </value>
            </param>
            <param index="4">
              <value>
                <![CDATA[11]]>
              </value>
            </param>
            <param index="5">
              <value>
                <![CDATA[1998]]>
              </value>
            </param>
          </params>
          <reporter-output>
          </reporter-output>
        </test-method> <!-- testSignup -->
        <test-method status="PASS" signature="close()[pri:0, instance:selenium.facebook.pages.tests.fbSignupTest@42d80b78]" name="close" is-config="true" duration-ms="164" started-at="2560-06-22T20:27:55Z" finished-at="2560-06-22T20:27:56Z">
          <reporter-output>
          </reporter-output>
        </test-method> <!-- close -->
        <test-method status="PASS" signature="setup()[pri:0, instance:selenium.facebook.pages.tests.fbSignupTest@42d80b78]" name="setup" is-config="true" duration-ms="8510" started-at="2560-06-22T20:27:56Z" finished-at="2560-06-22T20:28:04Z">
          <reporter-output>
          </reporter-output>
        </test-method> <!-- setup -->
        <test-method status="PASS" signature="testSignup(java.lang.String, java.lang.String, java.lang.String, java.lang.String, java.lang.String, java.lang.String)[pri:0, instance:selenium.facebook.pages.tests.fbSignupTest@42d80b78]" name="testSignup" duration-ms="7637" started-at="2560-06-22T20:28:04Z" data-provider="signup" finished-at="2560-06-22T20:28:12Z">
          <params>
            <param index="0">
              <value>
                <![CDATA[Blewitt]]>
              </value>
            </param>
            <param index="1">
              <value>
                <![CDATA[Afton]]>
              </value>
            </param>
            <param index="2">
              <value>
                <![CDATA[afton.blewitt@ghanamail.com]]>
              </value>
            </param>
            <param index="3">
              <value>
                <![CDATA[10]]>
              </value>
            </param>
            <param index="4">
              <value>
                <![CDATA[4]]>
              </value>
            </param>
            <param index="5">
              <value>
                <![CDATA[1991]]>
              </value>
            </param>
          </params>
          <reporter-output>
          </reporter-output>
        </test-method> <!-- testSignup -->
        <test-method status="PASS" signature="close()[pri:0, instance:selenium.facebook.pages.tests.fbSignupTest@42d80b78]" name="close" is-config="true" duration-ms="151" started-at="2560-06-22T20:28:12Z" finished-at="2560-06-22T20:28:12Z">
          <reporter-output>
          </reporter-output>
        </test-method> <!-- close -->
        <test-method status="PASS" signature="setup()[pri:0, instance:selenium.facebook.pages.tests.fbSignupTest@42d80b78]" name="setup" is-config="true" duration-ms="8847" started-at="2560-06-22T20:28:12Z" finished-at="2560-06-22T20:28:21Z">
          <reporter-output>
          </reporter-output>
        </test-method> <!-- setup -->
        <test-method status="PASS" signature="testSignup(java.lang.String, java.lang.String, java.lang.String, java.lang.String, java.lang.String, java.lang.String)[pri:0, instance:selenium.facebook.pages.tests.fbSignupTest@42d80b78]" name="testSignup" duration-ms="7799" started-at="2560-06-22T20:28:21Z" data-provider="signup" finished-at="2560-06-22T20:28:29Z">
          <params>
            <param index="0">
              <value>
                <![CDATA[Mabey]]>
              </value>
            </param>
            <param index="1">
              <value>
                <![CDATA[Agatha]]>
              </value>
            </param>
            <param index="2">
              <value>
                <![CDATA[agatha.mabey@ghostmail.com]]>
              </value>
            </param>
            <param index="3">
              <value>
                <![CDATA[25]]>
              </value>
            </param>
            <param index="4">
              <value>
                <![CDATA[12]]>
              </value>
            </param>
            <param index="5">
              <value>
                <![CDATA[1993]]>
              </value>
            </param>
          </params>
          <reporter-output>
          </reporter-output>
        </test-method> <!-- testSignup -->
        <test-method status="PASS" signature="close()[pri:0, instance:selenium.facebook.pages.tests.fbSignupTest@42d80b78]" name="close" is-config="true" duration-ms="126" started-at="2560-06-22T20:28:29Z" finished-at="2560-06-22T20:28:29Z">
          <reporter-output>
          </reporter-output>
        </test-method> <!-- close -->
        <test-method status="PASS" signature="setup()[pri:0, instance:selenium.facebook.pages.tests.fbSignupTest@42d80b78]" name="setup" is-config="true" duration-ms="8733" started-at="2560-06-22T20:28:29Z" finished-at="2560-06-22T20:28:37Z">
          <reporter-output>
          </reporter-output>
        </test-method> <!-- setup -->
        <test-method status="PASS" signature="testSignup(java.lang.String, java.lang.String, java.lang.String, java.lang.String, java.lang.String, java.lang.String)[pri:0, instance:selenium.facebook.pages.tests.fbSignupTest@42d80b78]" name="testSignup" duration-ms="7883" started-at="2560-06-22T20:28:37Z" data-provider="signup" finished-at="2560-06-22T20:28:45Z">
          <params>
            <param index="0">
              <value>
                <![CDATA[Vanscyoc]]>
              </value>
            </param>
            <param index="1">
              <value>
                <![CDATA[Agnes]]>
              </value>
            </param>
            <param index="2">
              <value>
                <![CDATA[agnes.vanscyoc@giantsfan.com]]>
              </value>
            </param>
            <param index="3">
              <value>
                <![CDATA[14]]>
              </value>
            </param>
            <param index="4">
              <value>
                <![CDATA[2]]>
              </value>
            </param>
            <param index="5">
              <value>
                <![CDATA[2005]]>
              </value>
            </param>
          </params>
          <reporter-output>
          </reporter-output>
        </test-method> <!-- testSignup -->
        <test-method status="PASS" signature="close()[pri:0, instance:selenium.facebook.pages.tests.fbSignupTest@42d80b78]" name="close" is-config="true" duration-ms="232" started-at="2560-06-22T20:28:45Z" finished-at="2560-06-22T20:28:46Z">
          <reporter-output>
          </reporter-output>
        </test-method> <!-- close -->
        <test-method status="PASS" signature="setup()[pri:0, instance:selenium.facebook.pages.tests.fbSignupTest@42d80b78]" name="setup" is-config="true" duration-ms="8200" started-at="2560-06-22T20:28:46Z" finished-at="2560-06-22T20:28:54Z">
          <reporter-output>
          </reporter-output>
        </test-method> <!-- setup -->
        <test-method status="PASS" signature="testSignup(java.lang.String, java.lang.String, java.lang.String, java.lang.String, java.lang.String, java.lang.String)[pri:0, instance:selenium.facebook.pages.tests.fbSignupTest@42d80b78]" name="testSignup" duration-ms="7624" started-at="2560-06-22T20:28:54Z" data-provider="signup" finished-at="2560-06-22T20:29:01Z">
          <params>
            <param index="0">
              <value>
                <![CDATA[Grenz]]>
              </value>
            </param>
            <param index="1">
              <value>
                <![CDATA[Agnus]]>
              </value>
            </param>
            <param index="2">
              <value>
                <![CDATA[agnus.grenz@giga4u.de]]>
              </value>
            </param>
            <param index="3">
              <value>
                <![CDATA[23]]>
              </value>
            </param>
            <param index="4">
              <value>
                <![CDATA[4]]>
              </value>
            </param>
            <param index="5">
              <value>
                <![CDATA[1997]]>
              </value>
            </param>
          </params>
          <reporter-output>
          </reporter-output>
        </test-method> <!-- testSignup -->
        <test-method status="PASS" signature="close()[pri:0, instance:selenium.facebook.pages.tests.fbSignupTest@42d80b78]" name="close" is-config="true" duration-ms="162" started-at="2560-06-22T20:29:01Z" finished-at="2560-06-22T20:29:02Z">
          <reporter-output>
          </reporter-output>
        </test-method> <!-- close -->
        <test-method status="PASS" signature="setup()[pri:0, instance:selenium.facebook.pages.tests.fbSignupTest@42d80b78]" name="setup" is-config="true" duration-ms="8292" started-at="2560-06-22T20:29:02Z" finished-at="2560-06-22T20:29:10Z">
          <reporter-output>
          </reporter-output>
        </test-method> <!-- setup -->
        <test-method status="PASS" signature="testSignup(java.lang.String, java.lang.String, java.lang.String, java.lang.String, java.lang.String, java.lang.String)[pri:0, instance:selenium.facebook.pages.tests.fbSignupTest@42d80b78]" name="testSignup" duration-ms="7571" started-at="2560-06-22T20:29:10Z" data-provider="signup" finished-at="2560-06-22T20:29:17Z">
          <params>
            <param index="0">
              <value>
                <![CDATA[Obryant]]>
              </value>
            </param>
            <param index="1">
              <value>
                <![CDATA[Agripina]]>
              </value>
            </param>
            <param index="2">
              <value>
                <![CDATA[agripina.obryant@gigileung.org]]>
              </value>
            </param>
            <param index="3">
              <value>
                <![CDATA[31]]>
              </value>
            </param>
            <param index="4">
              <value>
                <![CDATA[5]]>
              </value>
            </param>
            <param index="5">
              <value>
                <![CDATA[1993]]>
              </value>
            </param>
          </params>
          <reporter-output>
          </reporter-output>
        </test-method> <!-- testSignup -->
        <test-method status="PASS" signature="close()[pri:0, instance:selenium.facebook.pages.tests.fbSignupTest@42d80b78]" name="close" is-config="true" duration-ms="351" started-at="2560-06-22T20:29:17Z" finished-at="2560-06-22T20:29:18Z">
          <reporter-output>
          </reporter-output>
        </test-method> <!-- close -->
      </class> <!-- selenium.facebook.pages.tests.fbSignupTest -->
    </test> <!-- Default test -->
  </suite> <!-- Default suite -->
</testng-results>
