<?xml version="1.0" encoding="UTF-8"?>
<testng-results skipped="0" failed="0" ignored="0" total="1" passed="1">
  <reporter-output>
  </reporter-output>
  <suite name="Default suite" duration-ms="17221" started-at="2017-12-08T13:25:30Z" finished-at="2017-12-08T13:25:47Z">
    <groups>
    </groups>
    <test name="Default test" duration-ms="17221" started-at="2017-12-08T13:25:30Z" finished-at="2017-12-08T13:25:47Z">
      <class name="selenium.facebook.pages.tests.fbLoginTest">
        <test-method status="PASS" signature="setup()[pri:0, instance:selenium.facebook.pages.tests.fbLoginTest@61832929]" name="setup" is-config="true" duration-ms="4591" started-at="2017-12-08T20:25:30Z" finished-at="2017-12-08T20:25:35Z">
          <reporter-output>
          </reporter-output>
        </test-method> <!-- setup -->
        <test-method status="PASS" signature="testLoginFacebook()[pri:0, instance:selenium.facebook.pages.tests.fbLoginTest@61832929]" name="testLoginFacebook" duration-ms="10221" started-at="2017-12-08T20:25:35Z" finished-at="2017-12-08T20:25:45Z">
          <reporter-output>
          </reporter-output>
        </test-method> <!-- testLoginFacebook -->
        <test-method status="PASS" signature="close()[pri:0, instance:selenium.facebook.pages.tests.fbLoginTest@61832929]" name="close" is-config="true" duration-ms="2380" started-at="2017-12-08T20:25:45Z" finished-at="2017-12-08T20:25:47Z">
          <reporter-output>
          </reporter-output>
        </test-method> <!-- close -->
      </class> <!-- selenium.facebook.pages.tests.fbLoginTest -->
    </test> <!-- Default test -->
  </suite> <!-- Default suite -->
</testng-results>
